0 info it worked if it ends with ok
1 verbose cli [ 'C:\\Program Files\\nodejs\\\\node.exe',
1 verbose cli   'C:\\Program Files\\nodejs\\node_modules\\npm\\bin\\npm-cli.js',
1 verbose cli   'install',
1 verbose cli   'time@1.4.14' ]
2 info using npm@1.4.14
3 info using node@v0.10.29
4 verbose node symlink C:\Program Files\nodejs\\node.exe
5 verbose readDependencies using package.json deps
6 verbose cache add [ 'time@1.4.14', null ]
7 verbose cache add name=undefined spec="time@1.4.14" args=["time@1.4.14",null]
8 verbose parsed url { protocol: null,
8 verbose parsed url   slashes: null,
8 verbose parsed url   auth: null,
8 verbose parsed url   host: null,
8 verbose parsed url   port: null,
8 verbose parsed url   hostname: null,
8 verbose parsed url   hash: null,
8 verbose parsed url   search: null,
8 verbose parsed url   query: null,
8 verbose parsed url   pathname: 'time@1.4.14',
8 verbose parsed url   path: 'time@1.4.14',
8 verbose parsed url   href: 'time@1.4.14' }
9 verbose cache add name="time" spec="1.4.14" args=["time","1.4.14"]
10 verbose parsed url { protocol: null,
10 verbose parsed url   slashes: null,
10 verbose parsed url   auth: null,
10 verbose parsed url   host: null,
10 verbose parsed url   port: null,
10 verbose parsed url   hostname: null,
10 verbose parsed url   hash: null,
10 verbose parsed url   search: null,
10 verbose parsed url   query: null,
10 verbose parsed url   pathname: '1.4.14',
10 verbose parsed url   path: '1.4.14',
10 verbose parsed url   href: '1.4.14' }
11 verbose addNamed [ 'time', '1.4.14' ]
12 verbose addNamed [ '1.4.14', '1.4.14' ]
13 silly lockFile acfe9a1b-time-1-4-14 time@1.4.14
14 verbose lock time@1.4.14 C:\Users\KP\AppData\Roaming\npm-cache\acfe9a1b-time-1-4-14.lock
15 verbose url raw time
16 verbose url resolving [ 'https://registry.npmjs.org/', './time' ]
17 verbose url resolved https://registry.npmjs.org/time
18 info trying registry request attempt 1 at 14:47:32
19 verbose etag "9CDTRWNKPBAITKD6YP8UQ2OP5"
20 http GET https://registry.npmjs.org/time
21 http 304 https://registry.npmjs.org/time
22 silly registry.get cb [ 304,
22 silly registry.get   { date: 'Wed, 27 Aug 2014 05:47:43 GMT',
22 silly registry.get     server: 'Apache',
22 silly registry.get     via: '1.1 varnish',
22 silly registry.get     'last-modified': 'Wed, 27 Aug 2014 05:46:54 GMT',
22 silly registry.get     'cache-control': 'max-age=60',
22 silly registry.get     etag: '"9CDTRWNKPBAITKD6YP8UQ2OP5"',
22 silly registry.get     'x-served-by': 'cache-ty67-TYO',
22 silly registry.get     'x-cache': 'HIT',
22 silly registry.get     'x-cache-hits': '1',
22 silly registry.get     'x-timer': 'S1409118463.464979,VS0,VE0',
22 silly registry.get     vary: 'Accept',
22 silly registry.get     'content-length': '0',
22 silly registry.get     'keep-alive': 'timeout=10, max=50',
22 silly registry.get     connection: 'Keep-Alive' } ]
23 verbose etag time from cache
24 silly lockFile acfe9a1b-time-1-4-14 time@1.4.14
25 silly lockFile acfe9a1b-time-1-4-14 time@1.4.14
26 error Error: version not found: time@1.4.14
26 error     at C:\Program Files\nodejs\node_modules\npm\lib\cache\add-named.js:123:12
26 error     at saved (C:\Program Files\nodejs\node_modules\npm\node_modules\npm-registry-client\lib\get.js:141:7)
26 error     at C:\Program Files\nodejs\node_modules\npm\node_modules\graceful-fs\polyfills.js:133:7
26 error     at Object.oncomplete (fs.js:107:15)
27 error If you need help, you may report this *entire* log,
27 error including the npm and node versions, at:
27 error     <http://github.com/npm/npm/issues>
28 error System Windows_NT 6.1.7601
29 error command "C:\\Program Files\\nodejs\\\\node.exe" "C:\\Program Files\\nodejs\\node_modules\\npm\\bin\\npm-cli.js" "install" "time@1.4.14"
30 error cwd E:\Programing\Coding\Node\Momentory
31 error node -v v0.10.29
32 error npm -v 1.4.14
33 verbose exit [ 1, true ]
